<teradek_encoder>
                                <encode>    
                                    <video>
                                        <quality>Custom</quality>      
                                        <custom_resolution>720</custom_resolution>      
                                        <custom_bitrate>500000</custom_bitrate>      
                                        <aspect>auto</aspect>
                                        <frame_rate_fraction>full</frame_rate_fraction>
                                    </video>
                                    <audio>
                                        <quality>Custom</quality>
                                        <custom_bitrate>48000</custom_bitrate>
                                    </audio>
                                </encode>
                                <output>
                                    <rtmp>
                                        <url>RTMPURL</url>
                                        <stream>RTMPSTREAM</stream>
                                        <username>Username</username>
                                        <password>Password</password>
                                        <adaptive_bitrate>0</adaptive_bitrate>
                                        <auto_reconnect>1</auto_reconnect>
                                        <auto_start_broadcast>1</auto_start_broadcast>
                                    </rtmp>
                                </output>
                            </teradek_encoder>
